This is pdfTeX, Version 3.141592653-2.6-1.40.29 (MiKTeX 26.5) (preloaded format=pdflatex 2026.5.27)  30 MAY 2026 19:15
entering extended mode
 restricted \write18 enabled.
 %&-line parsing enabled.
**./main.tex
(main.tex
LaTeX2e <2025-11-01>
L3 programming layer <2026-04-28>

(C:\Users\AleksandarTanev\AppData\Local\Programs\MiKTeX\tex/latex/base\report.c
ls
Document Class: report 2025/01/22 v1.4n Standard LaTeX document class

(C:\Users\AleksandarTanev\AppData\Local\Programs\MiKTeX\tex/latex/base\size11.c
lo
File: size11.clo 2025/01/22 v1.4n Standard LaTeX file (size option)
)
\c@part=\count276
\c@chapter=\count277
\c@section=\count278
\c@subsection=\count279
\c@subsubsection=\count280
\c@paragraph=\count281
\c@subparagraph=\count282
\c@figure=\count283
\c@table=\count284
\abovecaptionskip=\skip49
\belowcaptionskip=\skip50
\bibindent=\dimen150
)
(C:\Users\AleksandarTanev\AppData\Local\Programs\MiKTeX\tex/latex/base\inputenc
.sty
Package: inputenc 2024/02/08 v1.3d Input encoding file
\inpenc@prehook=\toks17
\inpenc@posthook=\toks18
)
(C:\Users\AleksandarTanev\AppData\Local\Programs\MiKTeX\tex/latex/base\fontenc.
sty
Package: fontenc 2025/07/18 v2.1d Standard LaTeX package
)
(C:\Users\AleksandarTanev\AppData\Local\Programs\MiKTeX\tex/latex/microtype\mic
rotype.sty
Package: microtype 2026/03/01 v3.2d Micro-typographical refinements (RS)

(C:\Users\AleksandarTanev\AppData\Local\Programs\MiKTeX\tex/latex/graphics\keyv
al.sty
Package: keyval 2022/05/29 v1.15 key=value parser (DPC)
\KV@toks@=\toks19
)
(C:\Users\AleksandarTanev\AppData\Local\Programs\MiKTeX\tex/latex/etoolbox\etoo
lbox.sty
Package: etoolbox 2025/10/02 v2.5m e-TeX tools for LaTeX (JAW)
\etb@tempcnta=\count285
)
\MT@toks=\toks20
\MT@tempbox=\box53
\MT@count=\count286
LaTeX Info: Redefining \noprotrusionifhmode on input line 1084.
LaTeX Info: Redefining \leftprotrusion on input line 1085.
\MT@prot@toks=\toks21
LaTeX Info: Redefining \rightprotrusion on input line 1104.
LaTeX Info: Redefining \textls on input line 1449.
\MT@outer@kern=\dimen151
LaTeX Info: Redefining \microtypecontext on input line 2053.
LaTeX Info: Redefining \textmicrotypecontext on input line 2070.
\MT@listname@count=\count287

(C:\Users\AleksandarTanev\AppData\Local\Programs\MiKTeX\tex/latex/microtype\mic
rotype-pdftex.def
File: microtype-pdftex.def 2026/03/01 v3.2d Definitions specific to pdftex (RS)

LaTeX Info: Redefining \lsstyle on input line 944.
LaTeX Info: Redefining \lslig on input line 944.
\MT@outer@space=\skip51
)
Package microtype Info: Loading configuration file microtype.cfg.

(C:\Users\AleksandarTanev\AppData\Local\Programs\MiKTeX\tex/latex/microtype\mic
rotype.cfg
File: microtype.cfg 2026/03/01 v3.2d microtype main configuration file (RS)
)
LaTeX Info: Redefining \microtypesetup on input line 3065.
)
(C:\Users\AleksandarTanev\AppData\Local\Programs\MiKTeX\tex/latex/geometry\geom
etry.sty
Package: geometry 2026/03/07 v6.0 Page Geometry

(C:\Users\AleksandarTanev\AppData\Local\Programs\MiKTeX\tex/generic/iftex\ifvte
x.sty
Package: ifvtex 2019/10/25 v1.7 ifvtex legacy package. Use iftex instead.

(C:\Users\AleksandarTanev\AppData\Local\Programs\MiKTeX\tex/generic/iftex\iftex
.sty
Package: iftex 2024/12/12 v1.0g TeX engine tests
))
\Gm@cnth=\count288
\Gm@cntv=\count289
\c@Gm@tempcnt=\count290
\Gm@bindingoffset=\dimen152
\Gm@wd@mp=\dimen153
\Gm@odd@mp=\dimen154
\Gm@even@mp=\dimen155
\Gm@layoutwidth=\dimen156
\Gm@layoutheight=\dimen157
\Gm@layouthoffset=\dimen158
\Gm@layoutvoffset=\dimen159
\Gm@dimlist=\toks22

(C:\Users\AleksandarTanev\AppData\Local\Programs\MiKTeX\tex/latex/geometry\geom
etry.cfg))
(C:\Users\AleksandarTanev\AppData\Local\Programs\MiKTeX\tex/latex/fancyhdr\fanc
yhdr.sty
Package: fancyhdr 2025/02/07 v5.2 Extensive control of page headers and footers

\f@nch@headwidth=\skip52
\f@nch@offset@elh=\skip53
\f@nch@offset@erh=\skip54
\f@nch@offset@olh=\skip55
\f@nch@offset@orh=\skip56
\f@nch@offset@elf=\skip57
\f@nch@offset@erf=\skip58
\f@nch@offset@olf=\skip59
\f@nch@offset@orf=\skip60
\f@nch@height=\skip61
\f@nch@footalignment=\skip62
\f@nch@widthL=\skip63
\f@nch@widthC=\skip64
\f@nch@widthR=\skip65
\@temptokenb=\toks23
)
(C:\Users\AleksandarTanev\AppData\Local\Programs\MiKTeX\tex/latex/booktabs\book
tabs.sty
Package: booktabs 2020/01/12 v1.61803398 Publication quality tables
\heavyrulewidth=\dimen160
\lightrulewidth=\dimen161
\cmidrulewidth=\dimen162
\belowrulesep=\dimen163
\belowbottomsep=\dimen164
\aboverulesep=\dimen165
\abovetopsep=\dimen166
\cmidrulesep=\dimen167
\cmidrulekern=\dimen168
\defaultaddspace=\dimen169
\@cmidla=\count291
\@cmidlb=\count292
\@aboverulesep=\dimen170
\@belowrulesep=\dimen171
\@thisruleclass=\count293
\@lastruleclass=\count294
\@thisrulewidth=\dimen172
)
(C:\Users\AleksandarTanev\AppData\Local\Programs\MiKTeX\tex/latex/tools\longtab
le.sty
Package: longtable 2025-10-13 v4.24 Multi-page Table package (DPC)
\LTleft=\skip66
\LTright=\skip67
\LTpre=\skip68
\LTpost=\skip69
\LTchunksize=\count295
\LTcapwidth=\dimen173
\LT@head=\box54
\LT@firsthead=\box55
\LT@foot=\box56
\LT@lastfoot=\box57
\LT@gbox=\box58
\LT@cols=\count296
\LT@rows=\count297
\c@LT@tables=\count298
\c@LT@chunks=\count299
\LT@p@ftn=\toks24
)
(C:\Users\AleksandarTanev\AppData\Local\Programs\MiKTeX\tex/latex/tools\array.s
ty
Package: array 2025/09/25 v2.6n Tabular extension package (FMi)
\col@sep=\dimen174
\ar@mcellbox=\box59
\extrarowheight=\dimen175
\NC@list=\toks25
\extratabsurround=\skip70
\backup@length=\skip71
\ar@cellbox=\box60
)
(C:\Users\AleksandarTanev\AppData\Local\Programs\MiKTeX\tex/latex/graphics\grap
hicx.sty
Package: graphicx 2024/12/31 v1.2e Enhanced LaTeX Graphics (DPC,SPQR)

(C:\Users\AleksandarTanev\AppData\Local\Programs\MiKTeX\tex/latex/graphics\grap
hics.sty
Package: graphics 2024/08/06 v1.4g Standard LaTeX Graphics (DPC,SPQR)

(C:\Users\AleksandarTanev\AppData\Local\Programs\MiKTeX\tex/latex/graphics\trig
.sty
Package: trig 2023/12/02 v1.11 sin cos tan (DPC)
)
(C:\Users\AleksandarTanev\AppData\Local\Programs\MiKTeX\tex/latex/graphics-cfg\
graphics.cfg
File: graphics.cfg 2016/06/04 v1.11 sample graphics configuration
)
Package graphics Info: Driver file: pdftex.def on input line 106.

(C:\Users\AleksandarTanev\AppData\Local\Programs\MiKTeX\tex/latex/graphics-def\
pdftex.def
File: pdftex.def 2025/09/29 v1.2d Graphics/color driver for pdftex
))
\Gin@req@height=\dimen176
\Gin@req@width=\dimen177
)
(C:\Users\AleksandarTanev\AppData\Local\Programs\MiKTeX\tex/latex/amsmath\amsma
th.sty
Package: amsmath 2025/07/09 v2.17z AMS math features
\@mathmargin=\skip72

For additional information on amsmath, use the `?' option.

(C:\Users\AleksandarTanev\AppData\Local\Programs\MiKTeX\tex/latex/amsmath\amste
xt.sty
Package: amstext 2024/11/17 v2.01 AMS text

(C:\Users\AleksandarTanev\AppData\Local\Programs\MiKTeX\tex/latex/amsmath\amsge
n.sty
File: amsgen.sty 1999/11/30 v2.0 generic functions
\@emptytoks=\toks26
\ex@=\dimen178
))
(C:\Users\AleksandarTanev\AppData\Local\Programs\MiKTeX\tex/latex/amsmath\amsbs
y.sty
Package: amsbsy 1999/11/29 v1.2d Bold Symbols
\pmbraise@=\dimen179
)
(C:\Users\AleksandarTanev\AppData\Local\Programs\MiKTeX\tex/latex/amsmath\amsop
n.sty
Package: amsopn 2022/04/08 v2.04 operator names
)
\inf@bad=\count300
LaTeX Info: Redefining \frac on input line 233.
\uproot@=\count301
\leftroot@=\count302
LaTeX Info: Redefining \overline on input line 398.
LaTeX Info: Redefining \colon on input line 409.
\classnum@=\count303
\DOTSCASE@=\count304
LaTeX Info: Redefining \ldots on input line 495.
LaTeX Info: Redefining \dots on input line 498.
LaTeX Info: Redefining \cdots on input line 619.
\Mathstrutbox@=\box61
\strutbox@=\box62
LaTeX Info: Redefining \big on input line 721.
LaTeX Info: Redefining \Big on input line 722.
LaTeX Info: Redefining \bigg on input line 723.
LaTeX Info: Redefining \Bigg on input line 724.
\big@size=\dimen180
LaTeX Font Info:    Redeclaring font encoding OML on input line 742.
LaTeX Font Info:    Redeclaring font encoding OMS on input line 743.
\macc@depth=\count305
LaTeX Info: Redefining \bmod on input line 904.
LaTeX Info: Redefining \pmod on input line 909.
LaTeX Info: Redefining \smash on input line 939.
LaTeX Info: Redefining \relbar on input line 969.
LaTeX Info: Redefining \Relbar on input line 970.
\c@MaxMatrixCols=\count306
\dotsspace@=\muskip17
\c@parentequation=\count307
\dspbrk@lvl=\count308
\tag@help=\toks27
\row@=\count309
\column@=\count310
\maxfields@=\count311
\andhelp@=\toks28
\eqnshift@=\dimen181
\alignsep@=\dimen182
\tagshift@=\dimen183
\tagwidth@=\dimen184
\totwidth@=\dimen185
\lineht@=\dimen186
\@envbody=\toks29
\multlinegap=\skip73
\multlinetaggap=\skip74
\mathdisplay@stack=\toks30
LaTeX Info: Redefining \[ on input line 2950.
LaTeX Info: Redefining \] on input line 2951.
)
(C:\Users\AleksandarTanev\AppData\Local\Programs\MiKTeX\tex/latex/natbib\natbib
.sty
Package: natbib 2010/09/13 8.31b (PWD, AO)
\bibhang=\skip75
\bibsep=\skip76
LaTeX Info: Redefining \cite on input line 694.
\c@NAT@ctr=\count312
)
(C:\Users\AleksandarTanev\AppData\Local\Programs\MiKTeX\tex/latex/hyperref\hype
rref.sty
Package: hyperref 2026-04-24 v7.01q Hypertext links for LaTeX

(C:\Users\AleksandarTanev\AppData\Local\Programs\MiKTeX\tex/latex/kvsetkeys\kvs
etkeys.sty
Package: kvsetkeys 2022-10-05 v1.19 Key value parser (HO)
)
(C:\Users\AleksandarTanev\AppData\Local\Programs\MiKTeX\tex/generic/kvdefinekey
s\kvdefinekeys.sty
Package: kvdefinekeys 2019-12-19 v1.6 Define keys (HO)
)
(C:\Users\AleksandarTanev\AppData\Local\Programs\MiKTeX\tex/generic/pdfescape\p
dfescape.sty
Package: pdfescape 2019/12/09 v1.15 Implements pdfTeX's escape features (HO)

(C:\Users\AleksandarTanev\AppData\Local\Programs\MiKTeX\tex/generic/ltxcmds\ltx
cmds.sty
Package: ltxcmds 2023-12-04 v1.26 LaTeX kernel commands for general use (HO)
)
(C:\Users\AleksandarTanev\AppData\Local\Programs\MiKTeX\tex/generic/pdftexcmds\
pdftexcmds.sty
Package: pdftexcmds 2020-06-27 v0.33 Utility functions of pdfTeX for LuaTeX (HO
)

(C:\Users\AleksandarTanev\AppData\Local\Programs\MiKTeX\tex/generic/infwarerr\i
nfwarerr.sty
Package: infwarerr 2019/12/03 v1.5 Providing info/warning/error messages (HO)
)
Package pdftexcmds Info: \pdf@primitive is available.
Package pdftexcmds Info: \pdf@ifprimitive is available.
Package pdftexcmds Info: \pdfdraftmode found.
))
(C:\Users\AleksandarTanev\AppData\Local\Programs\MiKTeX\tex/latex/hycolor\hycol
or.sty
Package: hycolor 2020-01-27 v1.10 Color options for hyperref/bookmark (HO)
)
(C:\Users\AleksandarTanev\AppData\Local\Programs\MiKTeX\tex/latex/hyperref\name
ref.sty
Package: nameref 2026-01-29 v2.58 Cross-referencing by name of section

(C:\Users\AleksandarTanev\AppData\Local\Programs\MiKTeX\tex/latex/refcount\refc
ount.sty
Package: refcount 2019/12/15 v3.6 Data extraction from label references (HO)
)
(C:\Users\AleksandarTanev\AppData\Local\Programs\MiKTeX\tex/generic/gettitlestr
ing\gettitlestring.sty
Package: gettitlestring 2019/12/15 v1.6 Cleanup title references (HO)

(C:\Users\AleksandarTanev\AppData\Local\Programs\MiKTeX\tex/latex/kvoptions\kvo
ptions.sty
Package: kvoptions 2022-06-15 v3.15 Key value format for package options (HO)
))
\c@section@level=\count313
)
(C:\Users\AleksandarTanev\AppData\Local\Programs\MiKTeX\tex/generic/stringenc\s
tringenc.sty
Package: stringenc 2019/11/29 v1.12 Convert strings between diff. encodings (HO
)
)
\@linkdim=\dimen187
\Hy@linkcounter=\count314
\Hy@pagecounter=\count315

(C:\Users\AleksandarTanev\AppData\Local\Programs\MiKTeX\tex/latex/hyperref\pd1e
nc.def
File: pd1enc.def 2026-04-24 v7.01q Hyperref: PDFDocEncoding definition (HO)
Now handling font encoding PD1 ...
... no UTF-8 mapping file for font encoding PD1
)
(C:\Users\AleksandarTanev\AppData\Local\Programs\MiKTeX\tex/generic/intcalc\int
calc.sty
Package: intcalc 2019/12/15 v1.3 Expandable calculations with integers (HO)
)
\Hy@SavedSpaceFactor=\count316

(C:\Users\AleksandarTanev\AppData\Local\Programs\MiKTeX\tex/latex/hyperref\puen
c.def
File: puenc.def 2026-04-24 v7.01q Hyperref: PDF Unicode definition (HO)
Now handling font encoding PU ...
... no UTF-8 mapping file for font encoding PU
)
Package hyperref Info: Hyper figures OFF on input line 4199.
Package hyperref Info: Link nesting OFF on input line 4204.
Package hyperref Info: Hyper index ON on input line 4207.
Package hyperref Info: Plain pages OFF on input line 4214.
Package hyperref Info: Backreferencing OFF on input line 4219.
Package hyperref Info: Implicit mode ON; LaTeX internals redefined.
Package hyperref Info: Bookmarks ON on input line 4466.
\c@Hy@tempcnt=\count317

(C:\Users\AleksandarTanev\AppData\Local\Programs\MiKTeX\tex/latex/url\url.sty
\Urlmuskip=\muskip18
Package: url 2013/09/16  ver 3.4  Verb mode for urls, etc.
)
LaTeX Info: Redefining \url on input line 4805.
\XeTeXLinkMargin=\dimen188

(C:\Users\AleksandarTanev\AppData\Local\Programs\MiKTeX\tex/generic/bitset\bits
et.sty
Package: bitset 2019/12/09 v1.3 Handle bit-vector datatype (HO)

(C:\Users\AleksandarTanev\AppData\Local\Programs\MiKTeX\tex/generic/bigintcalc\
bigintcalc.sty
Package: bigintcalc 2019/12/15 v1.5 Expandable calculations on big integers (HO
)
))
\Fld@menulength=\count318
\Field@Width=\dimen189
\Fld@charsize=\dimen190
Package hyperref Info: Hyper figures OFF on input line 6091.
Package hyperref Info: Link nesting OFF on input line 6096.
Package hyperref Info: Hyper index ON on input line 6099.
Package hyperref Info: backreferencing OFF on input line 6106.
Package hyperref Info: Link coloring OFF on input line 6111.
Package hyperref Info: Link coloring with OCG OFF on input line 6116.
Package hyperref Info: PDF/A mode OFF on input line 6121.
\Hy@abspage=\count319
\c@Item=\count320
\c@Hfootnote=\count321
)
Package hyperref Info: Driver (autodetected): hpdftex.

(C:\Users\AleksandarTanev\AppData\Local\Programs\MiKTeX\tex/latex/hyperref\hpdf
tex.def
File: hpdftex.def 2026-04-24 v7.01q Hyperref driver for pdfTeX
\Fld@listcount=\count322
\c@bookmark@seq@number=\count323

(C:\Users\AleksandarTanev\AppData\Local\Programs\MiKTeX\tex/latex/rerunfilechec
k\rerunfilecheck.sty
Package: rerunfilecheck 2025-06-21 v1.11 Rerun checks for auxiliary files (HO)

(C:\Users\AleksandarTanev\AppData\Local\Programs\MiKTeX\tex/generic/uniquecount
er\uniquecounter.sty
Package: uniquecounter 2019/12/15 v1.4 Provide unlimited unique counter (HO)
)
Package uniquecounter Info: New unique counter `rerunfilecheck' on input line 2
84.
)
\Hy@SectionHShift=\skip77
)
(C:\Users\AleksandarTanev\AppData\Local\Programs\MiKTeX\tex/latex/setspace\sets
pace.sty
Package: setspace 2022/12/04 v6.7b set line spacing
)
(C:\Users\AleksandarTanev\AppData\Local\Programs\MiKTeX\tex/latex/appendix\appe
ndix.sty
Package: appendix 2020/02/08 v1.2c extra appendix facilities
\c@@pps=\count324
\c@@ppsavesec=\count325
\c@@ppsaveapp=\count326
)
(C:\Users\AleksandarTanev\AppData\Local\Programs\MiKTeX\tex/latex/parskip\parsk
ip.sty
Package: parskip 2021-03-14 v2.0h non-zero parskip adjustments
)
(C:\Users\AleksandarTanev\AppData\Local\Programs\MiKTeX\tex/latex/listings\list
ings.sty
\lst@mode=\count327
\lst@gtempboxa=\box63
\lst@token=\toks31
\lst@length=\count328
\lst@currlwidth=\dimen191
\lst@column=\count329
\lst@pos=\count330
\lst@lostspace=\dimen192
\lst@width=\dimen193
\lst@newlines=\count331
\lst@lineno=\count332
\lst@maxwidth=\dimen194

(C:\Users\AleksandarTanev\AppData\Local\Programs\MiKTeX\tex/latex/listings\lstp
atch.sty
File: lstpatch.sty 2025/11/14 1.11b (Carsten Heinz)
)
(C:\Users\AleksandarTanev\AppData\Local\Programs\MiKTeX\tex/latex/listings\lstm
isc.sty
File: lstmisc.sty 2025/11/14 1.11b (Carsten Heinz)
\c@lstnumber=\count333
\lst@skipnumbers=\count334
\lst@framebox=\box64
)
(C:\Users\AleksandarTanev\AppData\Local\Programs\MiKTeX\tex/latex/listings\list
ings.cfg
File: listings.cfg 2025/11/14 1.11b listings configuration
))
Package: listings 2025/11/14 1.11b (Carsten Heinz)

==> First Aid for listings.sty no longer applied!
    Expected:
        2024/09/23 1.10c (Carsten Heinz)
    but found:
        2025/11/14 1.11b (Carsten Heinz)
    so I'm assuming it got fixed.

(C:\Users\AleksandarTanev\AppData\Local\Programs\MiKTeX\tex/latex/xcolor\xcolor
.sty
Package: xcolor 2024/09/29 v3.02 LaTeX color extensions (UK)

(C:\Users\AleksandarTanev\AppData\Local\Programs\MiKTeX\tex/latex/graphics-cfg\
color.cfg
File: color.cfg 2016/01/02 v1.6 sample color configuration
)
Package xcolor Info: Driver file: pdftex.def on input line 274.

(C:\Users\AleksandarTanev\AppData\Local\Programs\MiKTeX\tex/latex/graphics\math
color.ltx)
Package xcolor Info: Model `cmy' substituted by `cmy0' on input line 1349.
Package xcolor Info: Model `hsb' substituted by `rgb' on input line 1353.
Package xcolor Info: Model `RGB' extended on input line 1365.
Package xcolor Info: Model `HTML' substituted by `rgb' on input line 1367.
Package xcolor Info: Model `Hsb' substituted by `hsb' on input line 1368.
Package xcolor Info: Model `tHsb' substituted by `hsb' on input line 1369.
Package xcolor Info: Model `HSB' substituted by `hsb' on input line 1370.
Package xcolor Info: Model `Gray' substituted by `gray' on input line 1371.
Package xcolor Info: Model `wave' substituted by `hsb' on input line 1372.
)
(C:\Users\AleksandarTanev\AppData\Local\Programs\MiKTeX\tex/latex/l3backend\l3b
ackend-pdftex.def
File: l3backend-pdftex.def 2026-02-18 L3 backend support: PDF output (pdfTeX)
\l__color_backend_stack_int=\count335
) (main.aux)
\openout1 = `main.aux'.

LaTeX Font Info:    Checking defaults for OML/cmm/m/it on input line 79.
LaTeX Font Info:    ... okay on input line 79.
LaTeX Font Info:    Checking defaults for OMS/cmsy/m/n on input line 79.
LaTeX Font Info:    ... okay on input line 79.
LaTeX Font Info:    Checking defaults for OT1/cmr/m/n on input line 79.
LaTeX Font Info:    ... okay on input line 79.
LaTeX Font Info:    Checking defaults for T1/cmr/m/n on input line 79.
LaTeX Font Info:    ... okay on input line 79.
LaTeX Font Info:    Checking defaults for TS1/cmr/m/n on input line 79.
LaTeX Font Info:    ... okay on input line 79.
LaTeX Font Info:    Checking defaults for OMX/cmex/m/n on input line 79.
LaTeX Font Info:    ... okay on input line 79.
LaTeX Font Info:    Checking defaults for U/cmr/m/n on input line 79.
LaTeX Font Info:    ... okay on input line 79.
LaTeX Font Info:    Checking defaults for PD1/pdf/m/n on input line 79.
LaTeX Font Info:    ... okay on input line 79.
LaTeX Font Info:    Checking defaults for PU/pdf/m/n on input line 79.
LaTeX Font Info:    ... okay on input line 79.
LaTeX Info: Redefining \microtypecontext on input line 79.
Package microtype Info: Applying patch `item' on input line 79.
Package microtype Info: Applying patch `toc' on input line 79.
Package microtype Info: Applying patch `eqnum' on input line 79.


Package microtype Warning: Unable to apply patch `footnote' on input line 79.

Package microtype Info: Applying patch `verbatim' on input line 79.
LaTeX Info: Redefining \microtypesetup on input line 79.
Package microtype Info: Generating PDF output.
Package microtype Info: Character protrusion enabled (level 2).
Package microtype Info: Using default protrusion set `alltext'.
Package microtype Info: No font expansion.
Package microtype Info: No adjustment of tracking.
Package microtype Info: No adjustment of interword spacing.
Package microtype Info: No adjustment of character kerning.

(C:\Users\AleksandarTanev\AppData\Local\Programs\MiKTeX\tex/latex/microtype\mt-
cmr.cfg
File: mt-cmr.cfg 2013/05/19 v2.2 microtype config. file: Computer Modern Roman 
(RS)
)
*geometry* driver: auto-detecting
*geometry* detected driver: pdftex
*geometry* verbose mode - [ preamble ] result:
* driver: pdftex
* paper: a4paper
* layout: <same size as paper>
* layoutoffset:(h,v)=(0.0pt,0.0pt)
* modes: 
* h-part:(L,W,R)=(71.13188pt, 455.24411pt, 71.13188pt)
* v-part:(T,H,B)=(71.13188pt, 702.78308pt, 71.13188pt)
* \paperwidth=597.50787pt
* \paperheight=845.04684pt
* \textwidth=455.24411pt
* \textheight=702.78308pt
* \oddsidemargin=-1.1381pt
* \evensidemargin=-1.1381pt
* \topmargin=-38.1381pt
* \headheight=14.0pt
* \headsep=25.0pt
* \topskip=11.0pt
* \footskip=30.0pt
* \marginparwidth=50.0pt
* \marginparsep=10.0pt
* \columnsep=10.0pt
* \skip\footins=10.0pt plus 4.0pt minus 2.0pt
* \hoffset=0.0pt
* \voffset=0.0pt
* \mag=1000
* \@twocolumnfalse
* \@twosidefalse
* \@mparswitchfalse
* \@reversemarginfalse
* (1in=72.27pt=25.4mm, 1cm=28.453pt)


(C:\Users\AleksandarTanev\AppData\Local\Programs\MiKTeX\tex/context/base/mkii\s
upp-pdf.mkii
[Loading MPS to PDF converter (version 2006.09.02).]
\scratchcounter=\count336
\scratchdimen=\dimen195
\scratchbox=\box65
\nofMPsegments=\count337
\nofMParguments=\count338
\everyMPshowfont=\toks32
\MPscratchCnt=\count339
\MPscratchDim=\dimen196
\MPnumerator=\count340
\makeMPintoPDFobject=\count341
\everyMPtoPDFconversion=\toks33
)
(C:\Users\AleksandarTanev\AppData\Local\Programs\MiKTeX\tex/latex/epstopdf-pkg\
epstopdf-base.sty
Package: epstopdf-base 2020-01-24 v2.11 Base part for package epstopdf
Package epstopdf-base Info: Redefining graphics rule for `.eps' on input line 4
85.

(C:\Users\AleksandarTanev\AppData\Local\Programs\MiKTeX\tex/latex/00miktex\epst
opdf-sys.cfg
File: epstopdf-sys.cfg 2021/03/18 v2.0 Configuration of epstopdf for MiKTeX
))
Package hyperref Info: Link coloring OFF on input line 79.
 (main.out) (main.out)
\@outlinefile=\write3
\openout3 = `main.out'.

\c@lstlisting=\count342
Package hyperref Info: Option `pageanchor' set `false' on input line 82.
 [1

{C:/Users/AleksandarTanev/AppData/Local/MiKTeX/fonts/map/pdftex/pdftex.map}]
Package hyperref Info: Option `pageanchor' set `true' on input line 106.
 (main.toc [1

])
\tf@toc=\write4
\openout4 = `main.toc'.

 [2] (main.lof)
\tf@lof=\write5
\openout5 = `main.lof'.

 [3

]
(main.lot)
\tf@lot=\write6
\openout6 = `main.lot'.

 [4

]
Chapter 1.
[5

] [6]
Chapter 2.
[7

] [8] [9]
Chapter 3.
Package microtype Info: Loading generic protrusion settings for font family
(microtype)             `cmtt' (encoding: T1).
(microtype)             For optimal results, create family-specific settings.
(microtype)             See the microtype manual for details.
[10

] [11]
Chapter 4.
[12

] [13] [14]
Chapter 5.
[15

]
Overfull \hbox (91.13853pt too wide) in paragraph at lines 439--443
\T1/cmtt/m/n/10.95 headRisk\T1/cmr/m/n/10.95 , \T1/cmtt/m/n/10.95 humpbackRisk\
T1/cmr/m/n/10.95 , \T1/cmtt/m/n/10.95 kneeRisk\T1/cmr/m/n/10.95 , \T1/cmtt/m/n/
10.95 pelvisRisk\T1/cmr/m/n/10.95 , \T1/cmtt/m/n/10.95 postureRisk\T1/cmr/m/n/1
0.95 , \T1/cmtt/m/n/10.95 shoulderRisk\T1/cmr/m/n/10.95 , \T1/cmtt/m/n/10.95 sp
ineRisk\T1/cmr/m/n/10.95 , \T1/cmtt/m/n/10.95 side_hunchback_risk\T1/cmr/m/n/10
.95 )
 []


Overfull \hbox (89.81227pt too wide) in paragraph at lines 444--447
[]\T1/cmr/bx/n/10.95 Group 4, Joint an-gles (5 fea-tures): \T1/cmtt/m/n/10.95 f
ront_shoulder_angle\T1/cmr/m/n/10.95 , \T1/cmtt/m/n/10.95 front_left_leg_angle\
T1/cmr/m/n/10.95 , \T1/cmtt/m/n/10.95 front_right_leg_angle\T1/cmr/m/n/10.95 ,
 []

[16]
(C:\Users\AleksandarTanev\AppData\Local\Programs\MiKTeX\tex/latex/listings\lstl
ang1.sty
File: lstlang1.sty 2025/11/14 1.11b listings language file
)
Package hyperref Info: bookmark level for unknown lstlisting defaults to 0 on i
nput line 474.
LaTeX Font Info:    Font shape `T1/cmtt/bx/n' in size <10> not available
(Font)              Font shape `T1/cmtt/m/n' tried instead on input line 475.
 [17] [18]
Overfull \hbox (0.45064pt too wide) in paragraph at lines 613--624
\T1/cmr/m/n/10.95 Five fea-tures have miss-ing-ness rates ex-ceed-ing 88% of re
cords: \T1/cmtt/m/n/10.95 leftVision \T1/cmr/m/n/10.95 (94.3%), \T1/cmtt/m/n/10
.95 rightVision
 []


Overfull \hbox (7.87704pt too wide) in paragraph at lines 613--624
\T1/cmr/m/n/10.95 (92.4%), \T1/cmtt/m/n/10.95 bloodMaxPressure \T1/cmr/m/n/10.9
5 (91.8%), \T1/cmtt/m/n/10.95 bloodMinPressure \T1/cmr/m/n/10.95 (91.8%), and \
T1/cmtt/m/n/10.95 restingHeartRate \T1/cmr/m/n/10.95 (88.6%).
 []

[19] [20] [21]
Chapter 6.
<../results/experiment_1_boxplot.png, id=567, 1281.588pt x 442.7742pt>
File: ../results/experiment_1_boxplot.png Graphic file (type png)
<use ../results/experiment_1_boxplot.png>
Package pdftex.def Info: ../results/experiment_1_boxplot.png  used on input lin
e 758.
(pdftex.def)             Requested size: 418.82375pt x 144.69713pt.

LaTeX Warning: `h' float specifier changed to `ht'.

[22

]
<../results/experiment_1_sig_matrix.png, id=581, 639.3486pt x 491.9178pt>
File: ../results/experiment_1_sig_matrix.png Graphic file (type png)
<use ../results/experiment_1_sig_matrix.png>
Package pdftex.def Info: ../results/experiment_1_sig_matrix.png  used on input 
line 801.
(pdftex.def)             Requested size: 418.82375pt x 322.2423pt.


LaTeX Warning: `h' float specifier changed to `ht'.


LaTeX Warning: `h' float specifier changed to `ht'.

[23 <../results/experiment_1_boxplot.png>] [24 <../results/experiment_1_sig_mat
rix.png>]
<../results/experiment_2_boxplot.png, id=597, 1441.0638pt x 516.4896pt>
File: ../results/experiment_2_boxplot.png Graphic file (type png)
<use ../results/experiment_2_boxplot.png>
Package pdftex.def Info: ../results/experiment_2_boxplot.png  used on input lin
e 889.
(pdftex.def)             Requested size: 418.82375pt x 150.10915pt.
<../results/experiment_2_delta_plot.png, id=598, 710.655pt x 348.3414pt>
File: ../results/experiment_2_delta_plot.png Graphic file (type png)
<use ../results/experiment_2_delta_plot.png>
Package pdftex.def Info: ../results/experiment_2_delta_plot.png  used on input 
line 898.
(pdftex.def)             Requested size: 418.82375pt x 205.30171pt.


LaTeX Warning: `h' float specifier changed to `ht'.

[25 <../results/experiment_2_boxplot.png>]
Overfull \hbox (2.66391pt too wide) in paragraph at lines 941--947
\T1/cmr/m/n/10.95 mod-els un-der the Re-alPlusSynth regime, with ad-justed $\OM
L/cmm/m/it/10.95 p$\T1/cmr/m/n/10.95 -values rang-ing from 0.000004 to 0.002855

 []

[26 <../results/experiment_2_delta_plot.png>]
<../results/experiment_3_boxplot.png, id=611, 1288.815pt x 441.3288pt>
File: ../results/experiment_3_boxplot.png Graphic file (type png)
<use ../results/experiment_3_boxplot.png>
Package pdftex.def Info: ../results/experiment_3_boxplot.png  used on input lin
e 978.
(pdftex.def)             Requested size: 418.82375pt x 143.41669pt.
<../results/experiment_3_learning_curve.png, id=612, 565.6332pt x 347.8596pt>
File: ../results/experiment_3_learning_curve.png Graphic file (type png)
<use ../results/experiment_3_learning_curve.png>
Package pdftex.def Info: ../results/experiment_3_learning_curve.png  used on in
put line 986.
(pdftex.def)             Requested size: 418.82375pt x 257.5713pt.


LaTeX Warning: `h' float specifier changed to `ht'.


LaTeX Warning: `h' float specifier changed to `ht'.

[27 <../results/experiment_3_boxplot.png>] [28 <../results/experiment_3_learnin
g_curve.png>] [29]
Chapter 7.
[30

]
Overfull \hbox (2.79527pt too wide) in paragraph at lines 1129--1138
\T1/cmr/m/n/10.95 The most coun-ter-in-tu-itive find-ing in the study is that t
he 63-feature an-thro-po-met-ric and metabolic
 []

[31] [32] [33]
Overfull \hbox (14.06635pt too wide) in paragraph at lines 1253--1258
[]\T1/cmr/bx/n/10.95 Evaluate al-ter-na-tive syn-thetic gen-er-a-tion meth-ods 
once the dataset ex-ceeds 500 records.
 []

(main.bbl [34] [35]) [36

] [37


]
Appendix A.
[38

] [39] (main.aux)
 ***********
LaTeX2e <2025-11-01>
L3 programming layer <2026-04-28>
 ***********
Package rerunfilecheck Info: File `main.out' has not changed.
(rerunfilecheck)             Checksum: 8668A3796C884477D4A562CF1E05E884;14699.
 ) 
Here is how much of TeX's memory you used:
 15581 strings out of 467683
 244604 string characters out of 5409881
 975963 words of memory out of 5000000
 44287 multiletter control sequences out of 15000+600000
 648629 words of font info for 83 fonts, out of 8000000 for 9000
 1141 hyphenation exceptions out of 8191
 75i,12n,79p,1003b,1434s stack positions out of 10000i,1000n,20000p,200000b,200000s
 <C:\Users\AleksandarTanev\AppData\Local\MiKTeX\fonts/pk/ljfour/jknappen/ec/d
pi600\ecti1095.pk> <C:\Users\AleksandarTanev\AppData\Local\MiKTeX\fonts/pk/ljfo
ur/jknappen/ec/dpi600\ecrm0600.pk> <C:\Users\AleksandarTanev\AppData\Local\MiKT
eX\fonts/pk/ljfour/jknappen/ec/dpi600\ecrm0900.pk> <C:\Users\AleksandarTanev\Ap
pData\Local\MiKTeX\fonts/pk/ljfour/jknappen/ec/dpi600\ecrm1000.pk> <C:\Users\Al
eksandarTanev\AppData\Local\MiKTeX\fonts/pk/ljfour/jknappen/ec/dpi600\ecbx1000.
pk> <C:\Users\AleksandarTanev\AppData\Local\MiKTeX\fonts/pk/ljfour/jknappen/ec/
dpi600\tcrm1095.pk> <C:\Users\AleksandarTanev\AppData\Local\MiKTeX\fonts/pk/ljf
our/jknappen/ec/dpi600\ectt1000.pk> <C:\Users\AleksandarTanev\AppData\Local\MiK
TeX\fonts/pk/ljfour/jknappen/ec/dpi600\ecbx1200.pk> <C:\Users\AleksandarTanev\A
ppData\Local\MiKTeX\fonts/pk/ljfour/jknappen/ec/dpi600\ectt1095.pk> <C:\Users\A
leksandarTanev\AppData\Local\MiKTeX\fonts/pk/ljfour/jknappen/ec/dpi600\ecbx1440
.pk> <C:\Users\AleksandarTanev\AppData\Local\MiKTeX\fonts/pk/ljfour/jknappen/ec
/dpi600\ecbx2074.pk> <C:\Users\AleksandarTanev\AppData\Local\MiKTeX\fonts/pk/lj
four/jknappen/ec/dpi600\ecbx1095.pk> <C:\Users\AleksandarTanev\AppData\Local\Mi
KTeX\fonts/pk/ljfour/jknappen/ec/dpi600\ecbx2488.pk> <C:\Users\AleksandarTanev\
AppData\Local\MiKTeX\fonts/pk/ljfour/jknappen/ec/dpi600\ecrm1095.pk> <C:\Users\
AleksandarTanev\AppData\Local\MiKTeX\fonts/pk/ljfour/jknappen/ec/dpi600\ecrm120
0.pk> <C:\Users\AleksandarTanev\AppData\Local\MiKTeX\fonts/pk/ljfour/jknappen/e
c/dpi600\ecbx1728.pk><C:/Users/AleksandarTanev/AppData/Local/Programs/MiKTeX/fo
nts/type1/public/amsfonts/cm/cmmi10.pfb><C:/Users/AleksandarTanev/AppData/Local
/Programs/MiKTeX/fonts/type1/public/amsfonts/cm/cmmi12.pfb><C:/Users/Aleksandar
Tanev/AppData/Local/Programs/MiKTeX/fonts/type1/public/amsfonts/cm/cmr10.pfb><C
:/Users/AleksandarTanev/AppData/Local/Programs/MiKTeX/fonts/type1/public/amsfon
ts/cm/cmr7.pfb><C:/Users/AleksandarTanev/AppData/Local/Programs/MiKTeX/fonts/ty
pe1/public/amsfonts/cm/cmr8.pfb><C:/Users/AleksandarTanev/AppData/Local/Program
s/MiKTeX/fonts/type1/public/amsfonts/cm/cmsy10.pfb>
Output written on main.pdf (40 pages, 942934 bytes).
PDF statistics:
 1407 PDF objects out of 1440 (max. 8388607)
 170 named destinations out of 1000 (max. 500000)
 15415 words of extra memory for PDF output out of 17280 (max. 10000000)

