This is pdfTeX, Version 3.141592653-2.6-1.40.29 (MiKTeX 26.5) (preloaded format=pdflatex 2026.5.27)  16 JUN 2026 14:32
entering extended mode
 restricted \write18 enabled.
 %&-line parsing enabled.
**./PoA_full.tex
(PoA_full.tex
LaTeX2e <2025-11-01>
L3 programming layer <2026-04-28>

(C:\Users\AleksandarTanev\AppData\Local\Programs\MiKTeX\tex/latex/base\article.
cls
Document Class: article 2025/01/22 v1.4n Standard LaTeX document class

(C:\Users\AleksandarTanev\AppData\Local\Programs\MiKTeX\tex/latex/base\size11.c
lo
File: size11.clo 2025/01/22 v1.4n Standard LaTeX file (size option)
)
\c@part=\count276
\c@section=\count277
\c@subsection=\count278
\c@subsubsection=\count279
\c@paragraph=\count280
\c@subparagraph=\count281
\c@figure=\count282
\c@table=\count283
\abovecaptionskip=\skip49
\belowcaptionskip=\skip50
\bibindent=\dimen150
)
(C:\Users\AleksandarTanev\AppData\Local\Programs\MiKTeX\tex/latex/base\inputenc
.sty
Package: inputenc 2024/02/08 v1.3d Input encoding file
\inpenc@prehook=\toks17
\inpenc@posthook=\toks18
)
(C:\Users\AleksandarTanev\AppData\Local\Programs\MiKTeX\tex/latex/base\fontenc.
sty
Package: fontenc 2025/07/18 v2.1d Standard LaTeX package
)
(C:\Users\AleksandarTanev\AppData\Local\Programs\MiKTeX\tex/latex/microtype\mic
rotype.sty
Package: microtype 2026/03/01 v3.2d Micro-typographical refinements (RS)

(C:\Users\AleksandarTanev\AppData\Local\Programs\MiKTeX\tex/latex/graphics\keyv
al.sty
Package: keyval 2022/05/29 v1.15 key=value parser (DPC)
\KV@toks@=\toks19
)
(C:\Users\AleksandarTanev\AppData\Local\Programs\MiKTeX\tex/latex/etoolbox\etoo
lbox.sty
Package: etoolbox 2025/10/02 v2.5m e-TeX tools for LaTeX (JAW)
\etb@tempcnta=\count284
)
\MT@toks=\toks20
\MT@tempbox=\box53
\MT@count=\count285
LaTeX Info: Redefining \noprotrusionifhmode on input line 1084.
LaTeX Info: Redefining \leftprotrusion on input line 1085.
\MT@prot@toks=\toks21
LaTeX Info: Redefining \rightprotrusion on input line 1104.
LaTeX Info: Redefining \textls on input line 1449.
\MT@outer@kern=\dimen151
LaTeX Info: Redefining \microtypecontext on input line 2053.
LaTeX Info: Redefining \textmicrotypecontext on input line 2070.
\MT@listname@count=\count286

(C:\Users\AleksandarTanev\AppData\Local\Programs\MiKTeX\tex/latex/microtype\mic
rotype-pdftex.def
File: microtype-pdftex.def 2026/03/01 v3.2d Definitions specific to pdftex (RS)

LaTeX Info: Redefining \lsstyle on input line 944.
LaTeX Info: Redefining \lslig on input line 944.
\MT@outer@space=\skip51
)
Package microtype Info: Loading configuration file microtype.cfg.

(C:\Users\AleksandarTanev\AppData\Local\Programs\MiKTeX\tex/latex/microtype\mic
rotype.cfg
File: microtype.cfg 2026/03/01 v3.2d microtype main configuration file (RS)
)
LaTeX Info: Redefining \microtypesetup on input line 3065.
)
(C:\Users\AleksandarTanev\AppData\Local\Programs\MiKTeX\tex/latex/geometry\geom
etry.sty
Package: geometry 2026/03/07 v6.0 Page Geometry

(C:\Users\AleksandarTanev\AppData\Local\Programs\MiKTeX\tex/generic/iftex\ifvte
x.sty
Package: ifvtex 2019/10/25 v1.7 ifvtex legacy package. Use iftex instead.

(C:\Users\AleksandarTanev\AppData\Local\Programs\MiKTeX\tex/generic/iftex\iftex
.sty
Package: iftex 2024/12/12 v1.0g TeX engine tests
))
\Gm@cnth=\count287
\Gm@cntv=\count288
\c@Gm@tempcnt=\count289
\Gm@bindingoffset=\dimen152
\Gm@wd@mp=\dimen153
\Gm@odd@mp=\dimen154
\Gm@even@mp=\dimen155
\Gm@layoutwidth=\dimen156
\Gm@layoutheight=\dimen157
\Gm@layouthoffset=\dimen158
\Gm@layoutvoffset=\dimen159
\Gm@dimlist=\toks22

(C:\Users\AleksandarTanev\AppData\Local\Programs\MiKTeX\tex/latex/geometry\geom
etry.cfg))
(C:\Users\AleksandarTanev\AppData\Local\Programs\MiKTeX\tex/latex/fancyhdr\fanc
yhdr.sty
Package: fancyhdr 2025/02/07 v5.2 Extensive control of page headers and footers

\f@nch@headwidth=\skip52
\f@nch@offset@elh=\skip53
\f@nch@offset@erh=\skip54
\f@nch@offset@olh=\skip55
\f@nch@offset@orh=\skip56
\f@nch@offset@elf=\skip57
\f@nch@offset@erf=\skip58
\f@nch@offset@olf=\skip59
\f@nch@offset@orf=\skip60
\f@nch@height=\skip61
\f@nch@footalignment=\skip62
\f@nch@widthL=\skip63
\f@nch@widthC=\skip64
\f@nch@widthR=\skip65
\@temptokenb=\toks23
)
(C:\Users\AleksandarTanev\AppData\Local\Programs\MiKTeX\tex/latex/booktabs\book
tabs.sty
Package: booktabs 2020/01/12 v1.61803398 Publication quality tables
\heavyrulewidth=\dimen160
\lightrulewidth=\dimen161
\cmidrulewidth=\dimen162
\belowrulesep=\dimen163
\belowbottomsep=\dimen164
\aboverulesep=\dimen165
\abovetopsep=\dimen166
\cmidrulesep=\dimen167
\cmidrulekern=\dimen168
\defaultaddspace=\dimen169
\@cmidla=\count290
\@cmidlb=\count291
\@aboverulesep=\dimen170
\@belowrulesep=\dimen171
\@thisruleclass=\count292
\@lastruleclass=\count293
\@thisrulewidth=\dimen172
)
(C:\Users\AleksandarTanev\AppData\Local\Programs\MiKTeX\tex/latex/tools\longtab
le.sty
Package: longtable 2025-10-13 v4.24 Multi-page Table package (DPC)
\LTleft=\skip66
\LTright=\skip67
\LTpre=\skip68
\LTpost=\skip69
\LTchunksize=\count294
\LTcapwidth=\dimen173
\LT@head=\box54
\LT@firsthead=\box55
\LT@foot=\box56
\LT@lastfoot=\box57
\LT@gbox=\box58
\LT@cols=\count295
\LT@rows=\count296
\c@LT@tables=\count297
\c@LT@chunks=\count298
\LT@p@ftn=\toks24
)
(C:\Users\AleksandarTanev\AppData\Local\Programs\MiKTeX\tex/latex/tools\array.s
ty
Package: array 2025/09/25 v2.6n Tabular extension package (FMi)
\col@sep=\dimen174
\ar@mcellbox=\box59
\extrarowheight=\dimen175
\NC@list=\toks25
\extratabsurround=\skip70
\backup@length=\skip71
\ar@cellbox=\box60
)
(C:\Users\AleksandarTanev\AppData\Local\Programs\MiKTeX\tex/latex/graphics\grap
hicx.sty
Package: graphicx 2024/12/31 v1.2e Enhanced LaTeX Graphics (DPC,SPQR)

(C:\Users\AleksandarTanev\AppData\Local\Programs\MiKTeX\tex/latex/graphics\grap
hics.sty
Package: graphics 2024/08/06 v1.4g Standard LaTeX Graphics (DPC,SPQR)

(C:\Users\AleksandarTanev\AppData\Local\Programs\MiKTeX\tex/latex/graphics\trig
.sty
Package: trig 2023/12/02 v1.11 sin cos tan (DPC)
)
(C:\Users\AleksandarTanev\AppData\Local\Programs\MiKTeX\tex/latex/graphics-cfg\
graphics.cfg
File: graphics.cfg 2016/06/04 v1.11 sample graphics configuration
)
Package graphics Info: Driver file: pdftex.def on input line 106.

(C:\Users\AleksandarTanev\AppData\Local\Programs\MiKTeX\tex/latex/graphics-def\
pdftex.def
File: pdftex.def 2025/09/29 v1.2d Graphics/color driver for pdftex
))
\Gin@req@height=\dimen176
\Gin@req@width=\dimen177
)
(C:\Users\AleksandarTanev\AppData\Local\Programs\MiKTeX\tex/latex/amsmath\amsma
th.sty
Package: amsmath 2025/07/09 v2.17z AMS math features
\@mathmargin=\skip72

For additional information on amsmath, use the `?' option.

(C:\Users\AleksandarTanev\AppData\Local\Programs\MiKTeX\tex/latex/amsmath\amste
xt.sty
Package: amstext 2024/11/17 v2.01 AMS text

(C:\Users\AleksandarTanev\AppData\Local\Programs\MiKTeX\tex/latex/amsmath\amsge
n.sty
File: amsgen.sty 1999/11/30 v2.0 generic functions
\@emptytoks=\toks26
\ex@=\dimen178
))
(C:\Users\AleksandarTanev\AppData\Local\Programs\MiKTeX\tex/latex/amsmath\amsbs
y.sty
Package: amsbsy 1999/11/29 v1.2d Bold Symbols
\pmbraise@=\dimen179
)
(C:\Users\AleksandarTanev\AppData\Local\Programs\MiKTeX\tex/latex/amsmath\amsop
n.sty
Package: amsopn 2022/04/08 v2.04 operator names
)
\inf@bad=\count299
LaTeX Info: Redefining \frac on input line 233.
\uproot@=\count300
\leftroot@=\count301
LaTeX Info: Redefining \overline on input line 398.
LaTeX Info: Redefining \colon on input line 409.
\classnum@=\count302
\DOTSCASE@=\count303
LaTeX Info: Redefining \ldots on input line 495.
LaTeX Info: Redefining \dots on input line 498.
LaTeX Info: Redefining \cdots on input line 619.
\Mathstrutbox@=\box61
\strutbox@=\box62
LaTeX Info: Redefining \big on input line 721.
LaTeX Info: Redefining \Big on input line 722.
LaTeX Info: Redefining \bigg on input line 723.
LaTeX Info: Redefining \Bigg on input line 724.
\big@size=\dimen180
LaTeX Font Info:    Redeclaring font encoding OML on input line 742.
LaTeX Font Info:    Redeclaring font encoding OMS on input line 743.
\macc@depth=\count304
LaTeX Info: Redefining \bmod on input line 904.
LaTeX Info: Redefining \pmod on input line 909.
LaTeX Info: Redefining \smash on input line 939.
LaTeX Info: Redefining \relbar on input line 969.
LaTeX Info: Redefining \Relbar on input line 970.
\c@MaxMatrixCols=\count305
\dotsspace@=\muskip17
\c@parentequation=\count306
\dspbrk@lvl=\count307
\tag@help=\toks27
\row@=\count308
\column@=\count309
\maxfields@=\count310
\andhelp@=\toks28
\eqnshift@=\dimen181
\alignsep@=\dimen182
\tagshift@=\dimen183
\tagwidth@=\dimen184
\totwidth@=\dimen185
\lineht@=\dimen186
\@envbody=\toks29
\multlinegap=\skip73
\multlinetaggap=\skip74
\mathdisplay@stack=\toks30
LaTeX Info: Redefining \[ on input line 2950.
LaTeX Info: Redefining \] on input line 2951.
)
(C:\Users\AleksandarTanev\AppData\Local\Programs\MiKTeX\tex/latex/hyperref\hype
rref.sty
Package: hyperref 2026-04-24 v7.01q Hypertext links for LaTeX

(C:\Users\AleksandarTanev\AppData\Local\Programs\MiKTeX\tex/latex/kvsetkeys\kvs
etkeys.sty
Package: kvsetkeys 2022-10-05 v1.19 Key value parser (HO)
)
(C:\Users\AleksandarTanev\AppData\Local\Programs\MiKTeX\tex/generic/kvdefinekey
s\kvdefinekeys.sty
Package: kvdefinekeys 2019-12-19 v1.6 Define keys (HO)
)
(C:\Users\AleksandarTanev\AppData\Local\Programs\MiKTeX\tex/generic/pdfescape\p
dfescape.sty
Package: pdfescape 2019/12/09 v1.15 Implements pdfTeX's escape features (HO)

(C:\Users\AleksandarTanev\AppData\Local\Programs\MiKTeX\tex/generic/ltxcmds\ltx
cmds.sty
Package: ltxcmds 2023-12-04 v1.26 LaTeX kernel commands for general use (HO)
)
(C:\Users\AleksandarTanev\AppData\Local\Programs\MiKTeX\tex/generic/pdftexcmds\
pdftexcmds.sty
Package: pdftexcmds 2020-06-27 v0.33 Utility functions of pdfTeX for LuaTeX (HO
)

(C:\Users\AleksandarTanev\AppData\Local\Programs\MiKTeX\tex/generic/infwarerr\i
nfwarerr.sty
Package: infwarerr 2019/12/03 v1.5 Providing info/warning/error messages (HO)
)
Package pdftexcmds Info: \pdf@primitive is available.
Package pdftexcmds Info: \pdf@ifprimitive is available.
Package pdftexcmds Info: \pdfdraftmode found.
))
(C:\Users\AleksandarTanev\AppData\Local\Programs\MiKTeX\tex/latex/hycolor\hycol
or.sty
Package: hycolor 2020-01-27 v1.10 Color options for hyperref/bookmark (HO)
)
(C:\Users\AleksandarTanev\AppData\Local\Programs\MiKTeX\tex/latex/hyperref\name
ref.sty
Package: nameref 2026-01-29 v2.58 Cross-referencing by name of section

(C:\Users\AleksandarTanev\AppData\Local\Programs\MiKTeX\tex/latex/refcount\refc
ount.sty
Package: refcount 2019/12/15 v3.6 Data extraction from label references (HO)
)
(C:\Users\AleksandarTanev\AppData\Local\Programs\MiKTeX\tex/generic/gettitlestr
ing\gettitlestring.sty
Package: gettitlestring 2019/12/15 v1.6 Cleanup title references (HO)

(C:\Users\AleksandarTanev\AppData\Local\Programs\MiKTeX\tex/latex/kvoptions\kvo
ptions.sty
Package: kvoptions 2022-06-15 v3.15 Key value format for package options (HO)
))
\c@section@level=\count311
)
(C:\Users\AleksandarTanev\AppData\Local\Programs\MiKTeX\tex/generic/stringenc\s
tringenc.sty
Package: stringenc 2019/11/29 v1.12 Convert strings between diff. encodings (HO
)
)
\@linkdim=\dimen187
\Hy@linkcounter=\count312
\Hy@pagecounter=\count313

(C:\Users\AleksandarTanev\AppData\Local\Programs\MiKTeX\tex/latex/hyperref\pd1e
nc.def
File: pd1enc.def 2026-04-24 v7.01q Hyperref: PDFDocEncoding definition (HO)
Now handling font encoding PD1 ...
... no UTF-8 mapping file for font encoding PD1
)
(C:\Users\AleksandarTanev\AppData\Local\Programs\MiKTeX\tex/generic/intcalc\int
calc.sty
Package: intcalc 2019/12/15 v1.3 Expandable calculations with integers (HO)
)
\Hy@SavedSpaceFactor=\count314

(C:\Users\AleksandarTanev\AppData\Local\Programs\MiKTeX\tex/latex/hyperref\puen
c.def
File: puenc.def 2026-04-24 v7.01q Hyperref: PDF Unicode definition (HO)
Now handling font encoding PU ...
... no UTF-8 mapping file for font encoding PU
)
Package hyperref Info: Hyper figures OFF on input line 4199.
Package hyperref Info: Link nesting OFF on input line 4204.
Package hyperref Info: Hyper index ON on input line 4207.
Package hyperref Info: Plain pages OFF on input line 4214.
Package hyperref Info: Backreferencing OFF on input line 4219.
Package hyperref Info: Implicit mode ON; LaTeX internals redefined.
Package hyperref Info: Bookmarks ON on input line 4466.
\c@Hy@tempcnt=\count315

(C:\Users\AleksandarTanev\AppData\Local\Programs\MiKTeX\tex/latex/url\url.sty
\Urlmuskip=\muskip18
Package: url 2013/09/16  ver 3.4  Verb mode for urls, etc.
)
LaTeX Info: Redefining \url on input line 4805.
\XeTeXLinkMargin=\dimen188

(C:\Users\AleksandarTanev\AppData\Local\Programs\MiKTeX\tex/generic/bitset\bits
et.sty
Package: bitset 2019/12/09 v1.3 Handle bit-vector datatype (HO)

(C:\Users\AleksandarTanev\AppData\Local\Programs\MiKTeX\tex/generic/bigintcalc\
bigintcalc.sty
Package: bigintcalc 2019/12/15 v1.5 Expandable calculations on big integers (HO
)
))
\Fld@menulength=\count316
\Field@Width=\dimen189
\Fld@charsize=\dimen190
Package hyperref Info: Hyper figures OFF on input line 6091.
Package hyperref Info: Link nesting OFF on input line 6096.
Package hyperref Info: Hyper index ON on input line 6099.
Package hyperref Info: backreferencing OFF on input line 6106.
Package hyperref Info: Link coloring OFF on input line 6111.
Package hyperref Info: Link coloring with OCG OFF on input line 6116.
Package hyperref Info: PDF/A mode OFF on input line 6121.
\Hy@abspage=\count317
\c@Item=\count318
\c@Hfootnote=\count319
)
Package hyperref Info: Driver (autodetected): hpdftex.

(C:\Users\AleksandarTanev\AppData\Local\Programs\MiKTeX\tex/latex/hyperref\hpdf
tex.def
File: hpdftex.def 2026-04-24 v7.01q Hyperref driver for pdfTeX
\Fld@listcount=\count320
\c@bookmark@seq@number=\count321

(C:\Users\AleksandarTanev\AppData\Local\Programs\MiKTeX\tex/latex/rerunfilechec
k\rerunfilecheck.sty
Package: rerunfilecheck 2025-06-21 v1.11 Rerun checks for auxiliary files (HO)

(C:\Users\AleksandarTanev\AppData\Local\Programs\MiKTeX\tex/generic/uniquecount
er\uniquecounter.sty
Package: uniquecounter 2019/12/15 v1.4 Provide unlimited unique counter (HO)
)
Package uniquecounter Info: New unique counter `rerunfilecheck' on input line 2
84.
)
\Hy@SectionHShift=\skip75
)
(C:\Users\AleksandarTanev\AppData\Local\Programs\MiKTeX\tex/latex/setspace\sets
pace.sty
Package: setspace 2022/12/04 v6.7b set line spacing
)
(C:\Users\AleksandarTanev\AppData\Local\Programs\MiKTeX\tex/latex/base\textcomp
.sty
Package: textcomp 2024/04/24 v2.1b Standard LaTeX package
)
(C:\Users\AleksandarTanev\AppData\Local\Programs\MiKTeX\tex/latex/parskip\parsk
ip.sty
Package: parskip 2021-03-14 v2.0h non-zero parskip adjustments
)
(C:\Users\AleksandarTanev\AppData\Local\Programs\MiKTeX\tex/latex/l3backend\l3b
ackend-pdftex.def
File: l3backend-pdftex.def 2026-02-18 L3 backend support: PDF output (pdfTeX)
\l__color_backend_stack_int=\count322
) (PoA_full.aux)
\openout1 = `PoA_full.aux'.

LaTeX Font Info:    Checking defaults for OML/cmm/m/it on input line 60.
LaTeX Font Info:    ... okay on input line 60.
LaTeX Font Info:    Checking defaults for OMS/cmsy/m/n on input line 60.
LaTeX Font Info:    ... okay on input line 60.
LaTeX Font Info:    Checking defaults for OT1/cmr/m/n on input line 60.
LaTeX Font Info:    ... okay on input line 60.
LaTeX Font Info:    Checking defaults for T1/cmr/m/n on input line 60.
LaTeX Font Info:    ... okay on input line 60.
LaTeX Font Info:    Checking defaults for TS1/cmr/m/n on input line 60.
LaTeX Font Info:    ... okay on input line 60.
LaTeX Font Info:    Checking defaults for OMX/cmex/m/n on input line 60.
LaTeX Font Info:    ... okay on input line 60.
LaTeX Font Info:    Checking defaults for U/cmr/m/n on input line 60.
LaTeX Font Info:    ... okay on input line 60.
LaTeX Font Info:    Checking defaults for PD1/pdf/m/n on input line 60.
LaTeX Font Info:    ... okay on input line 60.
LaTeX Font Info:    Checking defaults for PU/pdf/m/n on input line 60.
LaTeX Font Info:    ... okay on input line 60.
LaTeX Info: Redefining \microtypecontext on input line 60.
Package microtype Info: Applying patch `item' on input line 60.
Package microtype Info: Applying patch `toc' on input line 60.
Package microtype Info: Applying patch `eqnum' on input line 60.


Package microtype Warning: Unable to apply patch `footnote' on input line 60.

Package microtype Info: Applying patch `verbatim' on input line 60.
LaTeX Info: Redefining \microtypesetup on input line 60.
Package microtype Info: Generating PDF output.
Package microtype Info: Character protrusion enabled (level 2).
Package microtype Info: Using default protrusion set `alltext'.
Package microtype Info: No font expansion.
Package microtype Info: No adjustment of tracking.
Package microtype Info: No adjustment of interword spacing.
Package microtype Info: No adjustment of character kerning.

(C:\Users\AleksandarTanev\AppData\Local\Programs\MiKTeX\tex/latex/microtype\mt-
cmr.cfg
File: mt-cmr.cfg 2013/05/19 v2.2 microtype config. file: Computer Modern Roman 
(RS)
)
*geometry* driver: auto-detecting
*geometry* detected driver: pdftex
*geometry* verbose mode - [ preamble ] result:
* driver: pdftex
* paper: a4paper
* layout: <same size as paper>
* layoutoffset:(h,v)=(0.0pt,0.0pt)
* modes: 
* h-part:(L,W,R)=(71.13188pt, 455.24411pt, 71.13188pt)
* v-part:(T,H,B)=(71.13188pt, 702.78308pt, 71.13188pt)
* \paperwidth=597.50787pt
* \paperheight=845.04684pt
* \textwidth=455.24411pt
* \textheight=702.78308pt
* \oddsidemargin=-1.1381pt
* \evensidemargin=-1.1381pt
* \topmargin=-38.1381pt
* \headheight=14.0pt
* \headsep=25.0pt
* \topskip=11.0pt
* \footskip=30.0pt
* \marginparwidth=50.0pt
* \marginparsep=10.0pt
* \columnsep=10.0pt
* \skip\footins=10.0pt plus 4.0pt minus 2.0pt
* \hoffset=0.0pt
* \voffset=0.0pt
* \mag=1000
* \@twocolumnfalse
* \@twosidefalse
* \@mparswitchfalse
* \@reversemarginfalse
* (1in=72.27pt=25.4mm, 1cm=28.453pt)


(C:\Users\AleksandarTanev\AppData\Local\Programs\MiKTeX\tex/context/base/mkii\s
upp-pdf.mkii
[Loading MPS to PDF converter (version 2006.09.02).]
\scratchcounter=\count323
\scratchdimen=\dimen191
\scratchbox=\box63
\nofMPsegments=\count324
\nofMParguments=\count325
\everyMPshowfont=\toks31
\MPscratchCnt=\count326
\MPscratchDim=\dimen192
\MPnumerator=\count327
\makeMPintoPDFobject=\count328
\everyMPtoPDFconversion=\toks32
)
(C:\Users\AleksandarTanev\AppData\Local\Programs\MiKTeX\tex/latex/epstopdf-pkg\
epstopdf-base.sty
Package: epstopdf-base 2020-01-24 v2.11 Base part for package epstopdf
Package epstopdf-base Info: Redefining graphics rule for `.eps' on input line 4
85.

(C:\Users\AleksandarTanev\AppData\Local\Programs\MiKTeX\tex/latex/00miktex\epst
opdf-sys.cfg
File: epstopdf-sys.cfg 2021/03/18 v2.0 Configuration of epstopdf for MiKTeX
))
Package hyperref Info: Link coloring OFF on input line 60.
 (PoA_full.out) (PoA_full.out)
\@outlinefile=\write3
\openout3 = `PoA_full.out'.

 [1

{C:/Users/AleksandarTanev/AppData/Local/MiKTeX/fonts/map/pdftex/pdftex.map}] (P
oA_full.toc)
\tf@toc=\write4
\openout4 = `PoA_full.toc'.


pdfTeX warning (ext4): destination with the same identifier (name{page.1}) has 
been already used, duplicate ignored
<to be read again> 
                   \relax 
l.89 \newpage
              [1] [2] [3] [4]
Overfull \hbox (3.13051pt too wide) in paragraph at lines 160--160
[]|\T1/cmr/m/n/10 R01| 
 []


Underfull \hbox (badness 1748) in paragraph at lines 160--161
[]|\T1/cmr/m/n/10 Educational su-per-
 []


Overfull \hbox (3.13051pt too wide) in paragraph at lines 161--161
[]|\T1/cmr/m/n/10 R02| 
 []


Underfull \hbox (badness 2310) in paragraph at lines 161--161
\T1/cmr/m/n/10 mean with 95% CI de-rived from 30 cross-
 []


Underfull \hbox (badness 1748) in paragraph at lines 161--162
[]|\T1/cmr/m/n/10 Educational su-per-
 []


Overfull \hbox (3.13051pt too wide) in paragraph at lines 162--162
[]|\T1/cmr/m/n/10 R03| 
 []


Underfull \hbox (badness 1748) in paragraph at lines 162--163
[]|\T1/cmr/m/n/10 Educational su-per-
 []


Overfull \hbox (3.13051pt too wide) in paragraph at lines 163--163
[]|\T1/cmr/m/n/10 R04| 
 []


Underfull \hbox (badness 1748) in paragraph at lines 163--164
[]|\T1/cmr/m/n/10 Educational su-per-
 []


Overfull \hbox (3.13051pt too wide) in paragraph at lines 164--164
[]|\T1/cmr/m/n/10 R05| 
 []


Underfull \hbox (badness 1748) in paragraph at lines 164--165
[]|\T1/cmr/m/n/10 Educational su-per-
 []


Overfull \hbox (3.13051pt too wide) in paragraph at lines 165--165
[]|\T1/cmr/m/n/10 R06| 
 []


Underfull \hbox (badness 1748) in paragraph at lines 165--166
[]|\T1/cmr/m/n/10 Educational su-per-
 []


Overfull \hbox (3.13051pt too wide) in paragraph at lines 166--166
[]|\T1/cmr/m/n/10 R07| 
 []


Underfull \hbox (badness 7291) in paragraph at lines 166--167
[]|\T1/cmr/m/n/10 Company su-per-vi-
 []


Overfull \hbox (3.13051pt too wide) in paragraph at lines 167--167
[]|\T1/cmr/m/n/10 R08| 
 []


Underfull \hbox (badness 7291) in paragraph at lines 167--168
[]|\T1/cmr/m/n/10 Company su-per-vi-
 []


Overfull \hbox (3.13051pt too wide) in paragraph at lines 168--168
[]|\T1/cmr/m/n/10 R09| 
 []


Underfull \hbox (badness 1748) in paragraph at lines 168--169
[]|\T1/cmr/m/n/10 Educational su-per-
 []


Overfull \hbox (3.13051pt too wide) in paragraph at lines 169--169
[]|\T1/cmr/m/n/10 R10| 
 []


Underfull \hbox (badness 7291) in paragraph at lines 169--170
[]|\T1/cmr/m/n/10 Company su-per-vi-
 []


Overfull \hbox (3.13051pt too wide) in paragraph at lines 170--170
[]|\T1/cmr/m/n/10 R11| 
 []


Underfull \hbox (badness 7291) in paragraph at lines 170--171
[]|\T1/cmr/m/n/10 Company su-per-vi-
 []


Overfull \hbox (3.13051pt too wide) in paragraph at lines 171--171
[]|\T1/cmr/m/n/10 R12| 
 []


Overfull \hbox (3.13051pt too wide) in paragraph at lines 172--172
[]|\T1/cmr/m/n/10 R13| 
 []


Overfull \hbox (3.13051pt too wide) in paragraph at lines 173--173
[]|\T1/cmr/m/n/10 R14| 
 []


LaTeX Warning: `h' float specifier changed to `ht'.

[5]
Package microtype Info: Loading generic protrusion settings for font family
(microtype)             `cmtt' (encoding: T1).
(microtype)             For optimal results, create family-specific settings.
(microtype)             See the microtype manual for details.
 [6]
Overfull \hbox (51.16489pt too wide) in paragraph at lines 224--225
\T1/cmr/m/n/10.95 with pseudo-labels; doc-u-mented data qual-ity is-sues; fea-t
ure en-gi-neer-ing pipeline in \T1/cmtt/m/n/10.95 Health_Pipeline.ipynb\T1/cmr/
m/n/10.95 . 
 []

[7]
Overfull \hbox (24.24664pt too wide) in paragraph at lines 226--227
[]\T1/cmr/bx/n/10.95 Deliverable: \T1/cmtt/m/n/10.95 data/ \T1/cmr/m/n/10.95 di
-rec-tory con-tents; \T1/cmtt/m/n/10.95 Health_Pipeline.ipynb \T1/cmr/m/n/10.95
 pro-duc-tion model; \T1/cmtt/m/n/10.95 Data_Gen.ipynb
 []

[8] [9]

LaTeX Warning: `h' float specifier changed to `ht'.


LaTeX Warning: `h' float specifier changed to `ht'.


LaTeX Warning: `h' float specifier changed to `ht'.


LaTeX Warning: `h' float specifier changed to `ht'.


LaTeX Warning: `h' float specifier changed to `ht'.


LaTeX Warning: `h' float specifier changed to `ht'.


LaTeX Warning: `h' float specifier changed to `ht'.

[10]

LaTeX Warning: `h' float specifier changed to `ht'.


Overfull \hbox (1.88782pt too wide) in paragraph at lines 491--491
[]|\T1/cmr/bx/n/10.95 #| 
 []


Overfull \hbox (1.88782pt too wide) in paragraph at lines 495--495
[]|\T1/cmr/bx/n/10.95 #| 
 []


Overfull \hbox (4.91943pt too wide) in paragraph at lines 503--503
[]|\T1/cmr/m/n/10.95 R1| 
 []


Underfull \hbox (badness 3209) in paragraph at lines 504--504
[]|\T1/cmr/m/n/10.95 Systematic pre-fix au-dit com-
 []


Overfull \hbox (4.91943pt too wide) in paragraph at lines 505--505
[]|\T1/cmr/m/n/10.95 R2| 
 []


Underfull \hbox (badness 1048) in paragraph at lines 505--505
\T1/cmr/m/n/10.95 u-als): lim-its sta-tis-ti-cal power;
 []


Underfull \hbox (badness 2368) in paragraph at lines 505--505
\T1/cmr/m/n/10.95 be in-con-clu-sive at Bonferroni-
 []


Overfull \hbox (4.91943pt too wide) in paragraph at lines 507--507
[]|\T1/cmr/m/n/10.95 R3| 
 []


Overfull \hbox (4.91943pt too wide) in paragraph at lines 509--509
[]|\T1/cmr/m/n/10.95 R4| 
 []


Overfull \hbox (4.91943pt too wide) in paragraph at lines 511--511
[]|\T1/cmr/m/n/10.95 R5| 
 []


Overfull \hbox (4.91943pt too wide) in paragraph at lines 513--513
[]|\T1/cmr/m/n/10.95 R6| 
 []


Underfull \hbox (badness 3428) in paragraph at lines 513--513
\T1/cmr/m/n/10.95 sor: Galchin can-not pro-vide
 []


Underfull \hbox (badness 10000) in paragraph at lines 514--514
[]|\T1/cmr/m/n/10.95 Educational su-per-vi-sor Pe-ter
 []


Underfull \hbox (badness 1383) in paragraph at lines 514--514
\T1/cmr/m/n/10.95 source of method-olog-i-cal guid-
 []


Overfull \hbox (4.91943pt too wide) in paragraph at lines 515--515
[]|\T1/cmr/m/n/10.95 R7| 
 []


Underfull \hbox (badness 1769) in paragraph at lines 515--515
[]|\T1/cmr/m/n/10.95 Deadline risk: June 22 hard
 []


Overfull \hbox (4.91943pt too wide) in paragraph at lines 517--517
[]|\T1/cmr/m/n/10.95 R8| 
 []


Underfull \hbox (badness 6284) in paragraph at lines 517--517
[]|\T1/cmr/m/n/10.95 Scope creep: ad-di-tional ex-
 []


Underfull \hbox (badness 1584) in paragraph at lines 517--517
\T1/cmr/m/n/10.95 per-i-ments or ex-tended fea-ture
 []


Underfull \hbox (badness 1715) in paragraph at lines 517--517
\T1/cmr/m/n/10.95 en-gi-neer-ing added be-yond the
 []


Underfull \hbox (badness 7522) in paragraph at lines 518--519
[]|\T1/cmr/m/n/10.95 The project con-straints doc-
 []


Underfull \hbox (badness 10000) in paragraph at lines 518--519
\T1/cmr/m/n/10.95 u-ment ex-plic-itly lists all
 []


Underfull \hbox (badness 6396) in paragraph at lines 518--519
\T1/cmr/m/n/10.95 out-of-scope items. Out-of-
 []


Underfull \hbox (badness 10000) in paragraph at lines 518--519
\T1/cmtt/m/n/10.95 future_work.md \T1/cmr/m/n/10.95 rather than
 []


ignored: Infinite glue shrinkage found in box being split [11] [12] [13] [14] [15] [16] 
(PoA_full.aux)
 ***********
LaTeX2e <2025-11-01>
L3 programming layer <2026-04-28>
 ***********
Package rerunfilecheck Info: File `PoA_full.out' has not changed.
(rerunfilecheck)             Checksum: 8319510852D2CE0EE72504E861F69B73;5408.
 ) 
Here is how much of TeX's memory you used:
 12599 strings out of 467683
 202725 string characters out of 5409881
 703557 words of memory out of 5000000
 41464 multiletter control sequences out of 15000+600000
 641641 words of font info for 70 fonts, out of 8000000 for 9000
 1141 hyphenation exceptions out of 8191
 75i,12n,79p,1470b,597s stack positions out of 10000i,1000n,20000p,200000b,200000s
 <C:\Users\AleksandarTanev\AppData\Local\MiKTeX\fonts/pk/ljfour/jknappen/ec/d
pi600\tcbx1095.pk> <C:\Users\AleksandarTanev\AppData\Local\MiKTeX\fonts/pk/ljfo
ur/jknappen/ec/dpi600\ectt1000.pk> <C:\Users\AleksandarTanev\AppData\Local\MiKT
eX\fonts/pk/ljfour/jknappen/ec/dpi600\tcrm1000.pk> <C:\Users\AleksandarTanev\Ap
pData\Local\MiKTeX\fonts/pk/ljfour/jknappen/ec/dpi600\ecrm1000.pk> <C:\Users\Al
eksandarTanev\AppData\Local\MiKTeX\fonts/pk/ljfour/jknappen/ec/dpi600\ecbx1000.
pk> <C:\Users\AleksandarTanev\AppData\Local\MiKTeX\fonts/pk/ljfour/jknappen/ec/
dpi600\ecti1000.pk> <C:\Users\AleksandarTanev\AppData\Local\MiKTeX\fonts/pk/ljf
our/jknappen/ec/dpi600\tcrm1095.pk> <C:\Users\AleksandarTanev\AppData\Local\MiK
TeX\fonts/pk/ljfour/jknappen/ec/dpi600\ectt1095.pk> <C:\Users\AleksandarTanev\A
ppData\Local\MiKTeX\fonts/pk/ljfour/jknappen/ec/dpi600\ecbx1200.pk> <C:\Users\A
leksandarTanev\AppData\Local\MiKTeX\fonts/pk/ljfour/jknappen/ec/dpi600\ecbx1095
.pk> <C:\Users\AleksandarTanev\AppData\Local\MiKTeX\fonts/pk/ljfour/jknappen/ec
/dpi600\ecbx1440.pk> <C:\Users\AleksandarTanev\AppData\Local\MiKTeX\fonts/pk/lj
four/jknappen/ec/dpi600\ecrm1095.pk> <C:\Users\AleksandarTanev\AppData\Local\Mi
KTeX\fonts/pk/ljfour/jknappen/ec/dpi600\ecrm1200.pk> <C:\Users\AleksandarTanev\
AppData\Local\MiKTeX\fonts/pk/ljfour/jknappen/ec/dpi600\ecbx1728.pk><C:/Users/A
leksandarTanev/AppData/Local/Programs/MiKTeX/fonts/type1/public/amsfonts/cm/cmm
i10.pfb><C:/Users/AleksandarTanev/AppData/Local/Programs/MiKTeX/fonts/type1/pub
lic/amsfonts/cm/cmr10.pfb><C:/Users/AleksandarTanev/AppData/Local/Programs/MiKT
eX/fonts/type1/public/amsfonts/cm/cmr8.pfb><C:/Users/AleksandarTanev/AppData/Lo
cal/Programs/MiKTeX/fonts/type1/public/amsfonts/cm/cmsy10.pfb>
Output written on PoA_full.pdf (17 pages, 251193 bytes).
PDF statistics:
 751 PDF objects out of 1000 (max. 8388607)
 59 named destinations out of 1000 (max. 500000)
 11513 words of extra memory for PDF output out of 12000 (max. 10000000)

